-------------------------------------------------------------------------------
Test set: symphony.bm.bmlogicdevices.BMServicesRegistrationTests
-------------------------------------------------------------------------------
Tests run: 1, Failures: 0, Errors: 1, Skipped: 0, Time elapsed: 2.774 s <<< FAILURE! - in symphony.bm.bmlogicdevices.BMServicesRegistrationTests
contextLoads  Time elapsed: 0.015 s  <<< ERROR!
java.lang.IllegalStateException: Failed to load ApplicationContext
Caused by: org.springframework.beans.factory.BeanInitializationException: Could not load properties; nested exception is java.io.FileNotFoundException: Could not open ServletContext resource [/bm-services-registration.properties]
Caused by: java.io.FileNotFoundException: Could not open ServletContext resource [/bm-services-registration.properties]

